23:59:59.994 Dig I/P 0.17 changed from 0 to 1
23:59:59.994 Dig I/P 0.18 changed from 1 to 0
00:00:00.570 Dig I/P 0.17 changed from 1 to 0
00:00:00.570 Dig I/P 0.18 changed from 0 to 1
00:00:01.681 Dig I/P 0.17 changed from 0 to 1
00:00:01.681 Dig I/P 0.18 changed from 1 to 0
00:00:02.257 Dig I/P 0.17 changed from 1 to 0
00:00:02.257 Dig I/P 0.18 changed from 0 to 1
00:00:03.330 Dig I/P 0.18 changed from 1 to 0
00:00:03.369 Dig I/P 0.17 changed from 0 to 1
00:00:03.829 Dig I/P 0.4 changed from 1 to 0
00:00:06.782 Tram 3104 Line 5 Route 90 Loop 10 arrival 
00:00:11.314 Tram 3104 Line 5 Route 90 Loop 10 departure 
00:00:16.417 Tram 3012 Line 4 Route 90 Loop 2 arrival 
00:00:17.378 Dig I/P 1.26 changed from 1 to 0
00:00:17.416 Dig I/P 1.25 changed from 1 to 0
00:00:17.416 Dig I/P 2.0 changed from 1 to 0
00:00:17.416 Dig O/P 2.1 changed from 1 to 0
00:00:17.416 MPJ 1 released
00:00:17.455 Signal 1 interlock inactive
00:00:21.042 Tram 3012 Line 4 Route 90 Loop 2 departure 
00:00:21.042 MPJ_Int[2].cmp_int.sig_inh = 1
00:00:21.081 Tram 3012 Line 4 Route 90 Loop 3 arrival 
23:59:59.994 Dig I/P 0.17 changed from 0 to 1
23:59:59.994 Dig I/P 0.18 changed from 1 to 0
00:00:00.570 Dig I/P 0.17 changed from 1 to 0
00:00:00.570 Dig I/P 0.18 changed from 0 to 1
00:00:01.681 Dig I/P 0.17 changed from 0 to 1
00:00:01.681 Dig I/P 0.18 changed from 1 to 0
00:00:02.257 Dig I/P 0.17 changed from 1 to 0
00:00:02.257 Dig I/P 0.18 changed from 0 to 1
00:00:03.330 Dig I/P 0.18 changed from 1 to 0
00:00:03.369 Dig I/P 0.17 changed from 0 to 1
00:00:03.829 Dig I/P 0.4 changed from 1 to 0
00:00:06.782 Tram 3104 Line 5 Route 90 Loop 10 arrival 
00:00:11.314 Tram 3104 Line 5 Route 90 Loop 10 departure 
00:00:16.417 Tram 3012 Line 4 Route 90 Loop 2 arrival 
00:00:17.378 Dig I/P 1.26 changed from 1 to 0
00:00:17.416 Dig I/P 1.25 changed from 1 to 0
00:00:17.416 Dig I/P 2.0 changed from 1 to 0
00:00:17.416 Dig O/P 2.1 changed from 1 to 0
00:00:17.416 MPJ 1 released
00:00:17.455 Signal 1 interlock inactive
23:59:59.994 Dig I/P 0.17 changed from 0 to 1
23:59:59.994 Dig I/P 0.18 changed from 1 to 0
00:00:00.570 Dig I/P 0.17 changed from 1 to 0
00:00:00.570 Dig I/P 0.18 changed from 0 to 1
00:00:01.681 Dig I/P 0.17 changed from 0 to 1
00:00:01.681 Dig I/P 0.18 changed from 1 to 0
00:00:02.257 Dig I/P 0.17 changed from 1 to 0
00:00:02.257 Dig I/P 0.18 changed from 0 to 1
00:00:03.330 Dig I/P 0.18 changed from 1 to 0
00:00:03.369 Dig I/P 0.17 changed from 0 to 1
00:00:03.829 Dig I/P 0.4 changed from 1 to 0
23:59:59.994 Dig I/P 0.17 changed from 0 to 1
23:59:59.994 Dig I/P 0.18 changed from 1 to 0
00:00:00.570 Dig I/P 0.17 changed from 1 to 0
00:00:00.570 Dig I/P 0.18 changed from 0 to 1
00:00:01.681 Dig I/P 0.17 changed from 0 to 1
00:00:01.681 Dig I/P 0.18 changed from 1 to 0
00:00:02.257 Dig I/P 0.17 changed from 1 to 0
00:00:02.257 Dig I/P 0.18 changed from 0 to 1
00:00:03.330 Dig I/P 0.18 changed from 1 to 0
00:00:03.369 Dig I/P 0.17 changed from 0 to 1
00:00:03.829 Dig I/P 0.4 changed from 1 to 0
00:00:06.782 Tram 3104 Line 5 Route 90 Loop 10 arrival 
